mode: set
campaign-mgmt/app/middlewares/okta.go:16.57,17.71 1 1
campaign-mgmt/app/middlewares/okta.go:17.71,24.28 4 1
campaign-mgmt/app/middlewares/okta.go:24.28,28.4 3 1
campaign-mgmt/app/middlewares/okta.go:30.3,30.85 1 1
campaign-mgmt/app/middlewares/okta.go:30.85,33.4 2 1
campaign-mgmt/app/middlewares/okta.go:35.3,36.13 2 1
campaign-mgmt/app/middlewares/okta.go:36.13,41.18 5 1
campaign-mgmt/app/middlewares/okta.go:41.18,43.5 1 0
campaign-mgmt/app/middlewares/okta.go:44.4,44.10 1 1
campaign-mgmt/app/middlewares/okta.go:46.3,46.17 1 0
campaign-mgmt/app/middlewares/okta.go:46.17,48.4 1 0
campaign-mgmt/app/middlewares/okta.go:49.3,49.24 1 0
campaign-mgmt/app/middlewares/okta.go:53.61,57.22 3 1
campaign-mgmt/app/middlewares/okta.go:57.22,59.3 1 1
campaign-mgmt/app/middlewares/okta.go:60.2,71.72 7 1
campaign-mgmt/app/middlewares/okta.go:71.72,76.3 1 1
campaign-mgmt/app/middlewares/okta.go:78.2,78.16 1 0
campaign-mgmt/app/middlewares/okta.go:78.16,81.3 2 0
campaign-mgmt/app/middlewares/okta.go:84.2,84.16 1 0
campaign-mgmt/app/middlewares/okta.go:84.16,89.3 4 0
campaign-mgmt/app/middlewares/okta.go:90.2,90.18 1 0
campaign-mgmt/app/usecases/params/campaign.go:107.81,111.16 4 1
campaign-mgmt/app/usecases/params/campaign.go:111.16,113.3 1 1
campaign-mgmt/app/usecases/params/campaign.go:114.2,115.16 2 1
campaign-mgmt/app/usecases/params/campaign.go:115.16,117.3 1 1
campaign-mgmt/app/usecases/params/campaign.go:118.2,119.16 2 1
campaign-mgmt/app/usecases/params/campaign.go:119.16,121.3 1 1
campaign-mgmt/app/usecases/params/campaign.go:122.2,123.16 2 1
campaign-mgmt/app/usecases/params/campaign.go:123.16,125.3 1 1
campaign-mgmt/app/usecases/params/campaign.go:127.2,146.8 1 1
campaign-mgmt/app/usecases/params/campaign.go:149.103,152.35 3 1
campaign-mgmt/app/usecases/params/campaign.go:152.35,154.17 2 1
campaign-mgmt/app/usecases/params/campaign.go:154.17,156.4 1 1
campaign-mgmt/app/usecases/params/campaign.go:158.2,158.33 1 1
campaign-mgmt/app/usecases/params/campaign.go:158.33,160.17 2 1
campaign-mgmt/app/usecases/params/campaign.go:160.17,162.4 1 1
campaign-mgmt/app/usecases/params/campaign.go:164.2,164.40 1 1
campaign-mgmt/app/usecases/params/campaign.go:164.40,166.17 2 1
campaign-mgmt/app/usecases/params/campaign.go:166.17,168.4 1 1
campaign-mgmt/app/usecases/params/campaign.go:170.2,170.38 1 1
campaign-mgmt/app/usecases/params/campaign.go:170.38,172.17 2 1
campaign-mgmt/app/usecases/params/campaign.go:172.17,174.4 1 1
campaign-mgmt/app/usecases/params/campaign.go:177.2,197.8 1 1
campaign-mgmt/app/usecases/params/campaign_product.go:34.106,44.2 1 0
campaign-mgmt/app/usecases/params/campaign_product.go:46.118,57.2 1 0
campaign-mgmt/app/usecases/params/campaign_store.go:20.86,26.2 1 1
campaign-mgmt/app/usecases/params/campaign_store.go:28.110,35.2 1 1
campaign-mgmt/app/usecases/params/common.go:15.78,23.2 1 1
campaign-mgmt/app/usecases/util/util.go:10.50,12.17 2 1
campaign-mgmt/app/usecases/util/util.go:12.17,14.17 2 1
campaign-mgmt/app/usecases/util/util.go:14.17,16.4 1 1
campaign-mgmt/app/usecases/util/util.go:17.3,17.25 1 1
campaign-mgmt/app/usecases/util/util.go:19.2,19.25 1 1
campaign-mgmt/app/usecases/util/util.go:23.46,25.25 2 1
campaign-mgmt/app/usecases/util/util.go:25.25,27.3 1 1
campaign-mgmt/app/usecases/util/util.go:28.2,28.25 1 1
campaign-mgmt/app/usecases/util/util.go:28.25,29.28 1 1
campaign-mgmt/app/usecases/util/util.go:29.28,31.4 1 1
campaign-mgmt/app/usecases/util/util.go:33.2,33.8 1 1
campaign-mgmt/app/usecases/util/util.go:36.50,38.19 2 1
campaign-mgmt/app/usecases/util/util.go:38.19,40.3 1 1
campaign-mgmt/app/usecases/util/util.go:40.8,41.24 1 1
campaign-mgmt/app/usecases/util/util.go:42.12,43.41 1 1
campaign-mgmt/app/usecases/util/util.go:44.15,45.53 1 1
campaign-mgmt/app/usecases/util/util.go:46.11,47.43 1 1
campaign-mgmt/app/usecases/dto/campaign.go:58.40,59.19 1 1
campaign-mgmt/app/usecases/dto/campaign.go:59.19,61.3 1 1
campaign-mgmt/app/usecases/dto/campaign.go:61.8,63.3 1 1
campaign-mgmt/app/usecases/dto/campaign.go:66.66,89.2 1 1
campaign-mgmt/app/usecases/dto/campaign.go:106.118,108.32 2 1
campaign-mgmt/app/usecases/dto/campaign.go:108.32,111.3 2 1
campaign-mgmt/app/usecases/dto/campaign.go:113.2,116.3 1 1
campaign-mgmt/app/usecases/dto/campaign.go:118.69,123.2 1 1
campaign-mgmt/app/usecases/dto/campaign.go:125.64,133.2 1 1
campaign-mgmt/app/usecases/dto/campaign_product.go:19.85,28.2 1 0
campaign-mgmt/app/usecases/dto/campaign_store.go:15.77,20.2 1 1
campaign-mgmt/app/usecases/dto/common.go:26.86,28.2 1 1
campaign-mgmt/app/usecases/dto/common.go:30.74,36.2 2 1
campaign-mgmt/app/usecases/dto/common.go:38.77,44.2 2 1
campaign-mgmt/app/usecases/dto/common.go:46.80,52.2 2 1
campaign-mgmt/app/usecases/dto/common.go:54.86,60.2 2 1
campaign-mgmt/app/usecases/dto/common.go:62.75,68.2 2 1
campaign-mgmt/app/usecases/campaign.go:15.75,19.2 1 1
campaign-mgmt/app/usecases/campaign.go:21.96,23.16 2 1
campaign-mgmt/app/usecases/campaign.go:23.16,25.3 1 1
campaign-mgmt/app/usecases/campaign.go:26.2,27.23 2 1
campaign-mgmt/app/usecases/campaign.go:30.116,34.16 2 1
campaign-mgmt/app/usecases/campaign.go:34.16,36.3 1 1
campaign-mgmt/app/usecases/campaign.go:37.2,38.23 2 1
campaign-mgmt/app/usecases/campaign.go:41.101,43.2 1 1
campaign-mgmt/app/usecases/campaign.go:45.96,47.2 1 1
campaign-mgmt/app/usecases/campaign.go:49.129,51.16 2 1
campaign-mgmt/app/usecases/campaign.go:51.16,53.3 1 1
campaign-mgmt/app/usecases/campaign.go:54.2,56.23 3 1
campaign-mgmt/app/usecases/campaign.go:59.67,61.2 1 1
campaign-mgmt/app/usecases/campaign_product.go:16.103,20.2 1 1
campaign-mgmt/app/usecases/campaign_product.go:22.137,24.16 2 1
campaign-mgmt/app/usecases/campaign_product.go:24.16,26.3 1 1
campaign-mgmt/app/usecases/campaign_product.go:27.2,28.35 2 1
campaign-mgmt/app/usecases/campaign_product.go:28.35,30.3 1 1
campaign-mgmt/app/usecases/campaign_product.go:31.2,31.30 1 1
campaign-mgmt/app/usecases/campaign_product.go:34.118,36.16 2 1
campaign-mgmt/app/usecases/campaign_product.go:36.16,38.3 1 1
campaign-mgmt/app/usecases/campaign_product.go:39.2,40.51 2 1
campaign-mgmt/app/usecases/campaign_product.go:40.51,42.3 1 1
campaign-mgmt/app/usecases/campaign_product.go:43.2,43.30 1 1
campaign-mgmt/app/usecases/campaign_product.go:46.127,47.49 1 1
campaign-mgmt/app/usecases/campaign_product.go:47.49,49.17 2 1
campaign-mgmt/app/usecases/campaign_product.go:49.17,51.4 1 1
campaign-mgmt/app/usecases/campaign_product.go:53.2,53.12 1 1
campaign-mgmt/app/usecases/campaign_product.go:56.115,58.16 2 1
campaign-mgmt/app/usecases/campaign_product.go:58.16,60.3 1 1
campaign-mgmt/app/usecases/campaign_product.go:61.2,61.12 1 1
campaign-mgmt/app/usecases/campaign_product.go:64.101,66.16 2 1
campaign-mgmt/app/usecases/campaign_product.go:66.16,68.3 1 1
campaign-mgmt/app/usecases/campaign_product.go:69.2,69.12 1 1
campaign-mgmt/app/usecases/campaign_store.go:16.95,20.2 1 1
campaign-mgmt/app/usecases/campaign_store.go:22.127,24.16 2 1
campaign-mgmt/app/usecases/campaign_store.go:24.16,26.3 1 1
campaign-mgmt/app/usecases/campaign_store.go:27.2,28.33 2 1
campaign-mgmt/app/usecases/campaign_store.go:28.33,30.3 1 1
campaign-mgmt/app/usecases/campaign_store.go:31.2,31.28 1 1
campaign-mgmt/app/usecases/campaign_store.go:34.112,36.16 2 1
campaign-mgmt/app/usecases/campaign_store.go:36.16,38.3 1 1
campaign-mgmt/app/usecases/campaign_store.go:39.2,40.47 2 1
campaign-mgmt/app/usecases/campaign_store.go:40.47,42.3 1 1
campaign-mgmt/app/usecases/campaign_store.go:43.2,43.28 1 1
campaign-mgmt/app/usecases/campaign_store.go:46.119,47.45 1 1
campaign-mgmt/app/usecases/campaign_store.go:47.45,49.17 2 1
campaign-mgmt/app/usecases/campaign_store.go:49.17,51.4 1 1
campaign-mgmt/app/usecases/campaign_store.go:53.2,53.12 1 1
campaign-mgmt/app/usecases/campaign_store.go:56.98,58.2 1 1
campaign-mgmt/app/usecases/campaign_store.go:60.106,62.2 1 1
campaign-mgmt/app/usecases/campaign_store.go:64.127,66.16 2 1
campaign-mgmt/app/usecases/campaign_store.go:66.16,68.3 1 1
campaign-mgmt/app/usecases/campaign_store.go:69.2,70.23 2 1
campaign-mgmt/app/usecases/campaign_store.go:73.110,75.2 1 1
campaign-mgmt/app/presentation/http/campaign.go:38.50,46.2 1 1
campaign-mgmt/app/presentation/http/campaign.go:48.49,49.43 1 1
campaign-mgmt/app/presentation/http/campaign.go:49.43,55.3 5 1
campaign-mgmt/app/presentation/http/campaign.go:72.82,76.28 3 1
campaign-mgmt/app/presentation/http/campaign.go:76.28,78.3 1 1
campaign-mgmt/app/presentation/http/campaign.go:79.2,81.46 3 1
campaign-mgmt/app/presentation/http/campaign.go:81.46,83.29 2 1
campaign-mgmt/app/presentation/http/campaign.go:83.29,85.4 1 1
campaign-mgmt/app/presentation/http/campaign.go:86.3,86.38 1 1
campaign-mgmt/app/presentation/http/campaign.go:88.2,88.44 1 1
campaign-mgmt/app/presentation/http/campaign.go:88.44,90.27 2 1
campaign-mgmt/app/presentation/http/campaign.go:90.27,92.4 1 1
campaign-mgmt/app/presentation/http/campaign.go:93.3,93.34 1 1
campaign-mgmt/app/presentation/http/campaign.go:96.2,97.28 2 1
campaign-mgmt/app/presentation/http/campaign.go:97.28,99.3 1 0
campaign-mgmt/app/presentation/http/campaign.go:101.2,101.25 1 1
campaign-mgmt/app/presentation/http/campaign.go:101.25,103.29 2 1
campaign-mgmt/app/presentation/http/campaign.go:103.29,105.4 1 0
campaign-mgmt/app/presentation/http/campaign.go:106.3,106.41 1 1
campaign-mgmt/app/presentation/http/campaign.go:108.2,108.27 1 1
campaign-mgmt/app/presentation/http/campaign.go:108.27,110.31 2 1
campaign-mgmt/app/presentation/http/campaign.go:110.31,112.4 1 0
campaign-mgmt/app/presentation/http/campaign.go:113.3,113.45 1 1
campaign-mgmt/app/presentation/http/campaign.go:116.2,116.54 1 1
campaign-mgmt/app/presentation/http/campaign.go:119.110,121.16 2 1
campaign-mgmt/app/presentation/http/campaign.go:121.16,123.3 1 0
campaign-mgmt/app/presentation/http/campaign.go:124.2,124.26 1 1
campaign-mgmt/app/presentation/http/campaign.go:127.114,129.16 2 1
campaign-mgmt/app/presentation/http/campaign.go:129.16,131.3 1 0
campaign-mgmt/app/presentation/http/campaign.go:132.2,132.28 1 1
campaign-mgmt/app/presentation/http/campaign.go:149.85,154.16 4 1
campaign-mgmt/app/presentation/http/campaign.go:154.16,157.3 2 1
campaign-mgmt/app/presentation/http/campaign.go:158.2,159.16 2 1
campaign-mgmt/app/presentation/http/campaign.go:159.16,162.3 2 1
campaign-mgmt/app/presentation/http/campaign.go:164.2,165.16 2 1
campaign-mgmt/app/presentation/http/campaign.go:165.16,168.3 2 1
campaign-mgmt/app/presentation/http/campaign.go:169.2,169.12 1 1
campaign-mgmt/app/presentation/http/campaign.go:169.12,172.3 2 1
campaign-mgmt/app/presentation/http/campaign.go:174.2,175.16 2 1
campaign-mgmt/app/presentation/http/campaign.go:175.16,178.3 2 1
campaign-mgmt/app/presentation/http/campaign.go:180.2,180.41 1 1
campaign-mgmt/app/presentation/http/campaign.go:183.135,187.40 3 1
campaign-mgmt/app/presentation/http/campaign.go:187.40,188.79 1 1
campaign-mgmt/app/presentation/http/campaign.go:188.79,190.5 1 1
campaign-mgmt/app/presentation/http/campaign.go:191.4,191.14 1 1
campaign-mgmt/app/presentation/http/campaign.go:194.2,194.22 1 1
campaign-mgmt/app/presentation/http/campaign.go:197.148,200.16 3 1
campaign-mgmt/app/presentation/http/campaign.go:200.16,202.3 1 1
campaign-mgmt/app/presentation/http/campaign.go:203.2,204.16 2 1
campaign-mgmt/app/presentation/http/campaign.go:204.16,206.3 1 1
campaign-mgmt/app/presentation/http/campaign.go:208.2,208.30 1 1
campaign-mgmt/app/presentation/http/campaign.go:208.30,210.17 2 1
campaign-mgmt/app/presentation/http/campaign.go:210.17,212.4 1 1
campaign-mgmt/app/presentation/http/campaign.go:213.3,213.49 1 1
campaign-mgmt/app/presentation/http/campaign.go:216.2,216.29 1 1
campaign-mgmt/app/presentation/http/campaign.go:219.136,221.35 2 1
campaign-mgmt/app/presentation/http/campaign.go:221.35,223.3 1 1
campaign-mgmt/app/presentation/http/campaign.go:224.2,225.16 2 1
campaign-mgmt/app/presentation/http/campaign.go:225.16,227.3 1 1
campaign-mgmt/app/presentation/http/campaign.go:228.2,228.26 1 1
campaign-mgmt/app/presentation/http/campaign.go:258.85,261.16 3 1
campaign-mgmt/app/presentation/http/campaign.go:261.16,264.3 2 1
campaign-mgmt/app/presentation/http/campaign.go:266.2,267.16 2 1
campaign-mgmt/app/presentation/http/campaign.go:267.16,270.3 2 1
campaign-mgmt/app/presentation/http/campaign.go:272.2,273.16 2 1
campaign-mgmt/app/presentation/http/campaign.go:273.16,276.3 2 1
campaign-mgmt/app/presentation/http/campaign.go:278.2,279.16 2 1
campaign-mgmt/app/presentation/http/campaign.go:279.16,282.3 2 1
campaign-mgmt/app/presentation/http/campaign.go:283.2,283.13 1 1
campaign-mgmt/app/presentation/http/campaign.go:283.13,286.3 2 1
campaign-mgmt/app/presentation/http/campaign.go:288.2,289.16 2 1
campaign-mgmt/app/presentation/http/campaign.go:289.16,292.3 2 1
campaign-mgmt/app/presentation/http/campaign.go:293.2,293.92 1 1
campaign-mgmt/app/presentation/http/campaign.go:296.131,299.40 2 1
campaign-mgmt/app/presentation/http/campaign.go:299.40,300.83 1 1
campaign-mgmt/app/presentation/http/campaign.go:300.83,302.5 1 1
campaign-mgmt/app/presentation/http/campaign.go:303.4,303.14 1 1
campaign-mgmt/app/presentation/http/campaign.go:306.2,306.12 1 1
campaign-mgmt/app/presentation/http/campaign.go:309.108,313.16 4 1
campaign-mgmt/app/presentation/http/campaign.go:313.16,315.3 1 1
campaign-mgmt/app/presentation/http/campaign.go:316.2,320.16 4 1
campaign-mgmt/app/presentation/http/campaign.go:320.16,322.3 1 1
campaign-mgmt/app/presentation/http/campaign.go:324.2,332.16 3 1
campaign-mgmt/app/presentation/http/campaign.go:332.16,334.3 1 1
campaign-mgmt/app/presentation/http/campaign.go:335.2,335.29 1 1
campaign-mgmt/app/presentation/http/campaign.go:338.112,342.16 4 1
campaign-mgmt/app/presentation/http/campaign.go:342.16,344.3 1 1
campaign-mgmt/app/presentation/http/campaign.go:345.2,349.16 4 1
campaign-mgmt/app/presentation/http/campaign.go:349.16,351.3 1 1
campaign-mgmt/app/presentation/http/campaign.go:353.2,361.16 3 1
campaign-mgmt/app/presentation/http/campaign.go:361.16,363.3 1 1
campaign-mgmt/app/presentation/http/campaign.go:364.2,364.29 1 1
campaign-mgmt/app/presentation/http/campaign.go:367.100,371.16 4 1
campaign-mgmt/app/presentation/http/campaign.go:371.16,373.3 1 1
campaign-mgmt/app/presentation/http/campaign.go:374.2,375.16 2 1
campaign-mgmt/app/presentation/http/campaign.go:375.16,377.3 1 1
campaign-mgmt/app/presentation/http/campaign.go:378.2,379.16 2 1
campaign-mgmt/app/presentation/http/campaign.go:379.16,381.3 1 1
campaign-mgmt/app/presentation/http/campaign.go:382.2,383.16 2 1
campaign-mgmt/app/presentation/http/campaign.go:383.16,385.3 1 1
campaign-mgmt/app/presentation/http/campaign.go:386.2,386.40 1 1
campaign-mgmt/app/presentation/http/campaign.go:386.40,388.3 1 1
campaign-mgmt/app/presentation/http/campaign.go:389.2,389.47 1 1
campaign-mgmt/app/presentation/http/campaign.go:389.47,391.3 1 1
campaign-mgmt/app/presentation/http/campaign.go:392.2,392.50 1 1
campaign-mgmt/app/presentation/http/campaign.go:392.50,394.3 1 1
campaign-mgmt/app/presentation/http/campaign.go:396.2,397.16 2 1
campaign-mgmt/app/presentation/http/campaign.go:397.16,399.3 1 1
campaign-mgmt/app/presentation/http/campaign.go:400.2,401.16 2 1
campaign-mgmt/app/presentation/http/campaign.go:401.16,403.3 1 1
campaign-mgmt/app/presentation/http/campaign.go:404.2,404.12 1 1
campaign-mgmt/app/presentation/http/campaign.go:407.112,408.63 1 1
campaign-mgmt/app/presentation/http/campaign.go:408.63,409.82 1 1
campaign-mgmt/app/presentation/http/campaign.go:409.82,412.4 1 1
campaign-mgmt/app/presentation/http/campaign.go:412.9,412.126 1 1
campaign-mgmt/app/presentation/http/campaign.go:412.126,415.4 1 1
campaign-mgmt/app/presentation/http/campaign.go:417.2,417.12 1 1
campaign-mgmt/app/presentation/http/campaign.go:420.106,421.59 1 1
campaign-mgmt/app/presentation/http/campaign.go:421.59,422.78 1 1
campaign-mgmt/app/presentation/http/campaign.go:422.78,425.4 1 1
campaign-mgmt/app/presentation/http/campaign.go:425.9,425.122 1 1
campaign-mgmt/app/presentation/http/campaign.go:425.122,428.4 1 1
campaign-mgmt/app/presentation/http/campaign.go:430.2,430.12 1 1
campaign-mgmt/app/presentation/http/campaign.go:433.146,436.16 3 1
campaign-mgmt/app/presentation/http/campaign.go:436.16,438.3 1 1
campaign-mgmt/app/presentation/http/campaign.go:439.2,440.16 2 1
campaign-mgmt/app/presentation/http/campaign.go:440.16,442.3 1 1
campaign-mgmt/app/presentation/http/campaign.go:444.2,445.16 2 1
campaign-mgmt/app/presentation/http/campaign.go:445.16,447.3 1 1
campaign-mgmt/app/presentation/http/campaign.go:449.2,449.12 1 1
campaign-mgmt/app/presentation/http/campaign.go:452.118,454.33 2 1
campaign-mgmt/app/presentation/http/campaign.go:454.33,456.68 2 1
campaign-mgmt/app/presentation/http/campaign.go:456.68,459.4 2 1
campaign-mgmt/app/presentation/http/campaign.go:459.9,459.24 1 1
campaign-mgmt/app/presentation/http/campaign.go:459.24,461.4 1 1
campaign-mgmt/app/presentation/http/campaign.go:488.2,490.16 3 1
campaign-mgmt/app/presentation/http/campaign.go:490.16,492.3 1 1
campaign-mgmt/app/presentation/http/campaign.go:493.2,493.33 1 1
campaign-mgmt/app/presentation/http/campaign.go:493.33,495.3 1 1
campaign-mgmt/app/presentation/http/campaign.go:496.2,498.24 2 1
campaign-mgmt/app/presentation/http/campaign.go:498.24,500.17 2 1
campaign-mgmt/app/presentation/http/campaign.go:500.17,502.4 1 1
campaign-mgmt/app/presentation/http/campaign.go:505.2,505.36 1 1
campaign-mgmt/app/presentation/http/campaign.go:505.36,507.17 2 1
campaign-mgmt/app/presentation/http/campaign.go:507.17,509.4 1 1
campaign-mgmt/app/presentation/http/campaign.go:511.2,511.12 1 1
campaign-mgmt/app/presentation/http/campaign.go:530.86,535.16 5 1
campaign-mgmt/app/presentation/http/campaign.go:535.16,538.3 2 0
campaign-mgmt/app/presentation/http/campaign.go:539.2,539.29 1 1
campaign-mgmt/app/presentation/http/campaign.go:542.95,552.32 8 1
campaign-mgmt/app/presentation/http/campaign.go:552.32,554.14 2 1
campaign-mgmt/app/presentation/http/campaign.go:555.16,557.9 2 1
campaign-mgmt/app/presentation/http/campaign.go:558.15,560.9 2 1
campaign-mgmt/app/presentation/http/campaign.go:561.15,563.9 2 1
campaign-mgmt/app/presentation/http/campaign.go:564.15,565.21 1 1
campaign-mgmt/app/presentation/http/campaign.go:566.17,567.22 1 1
campaign-mgmt/app/presentation/http/campaign.go:568.20,570.10 2 1
campaign-mgmt/app/presentation/http/campaign.go:571.18,573.10 2 1
campaign-mgmt/app/presentation/http/campaign.go:574.21,576.10 2 1
campaign-mgmt/app/presentation/http/campaign.go:578.4,578.9 1 1
campaign-mgmt/app/presentation/http/campaign.go:582.2,588.3 1 1
campaign-mgmt/app/presentation/http/campaign.go:603.91,606.16 3 1
campaign-mgmt/app/presentation/http/campaign.go:606.16,609.3 2 1
campaign-mgmt/app/presentation/http/campaign.go:610.2,610.64 1 1
campaign-mgmt/app/presentation/http/campaign.go:613.70,616.40 2 1
campaign-mgmt/app/presentation/http/campaign.go:616.40,617.62 1 1
campaign-mgmt/app/presentation/http/campaign.go:617.62,619.5 1 1
campaign-mgmt/app/presentation/http/campaign.go:620.4,620.14 1 1
campaign-mgmt/app/presentation/http/campaign.go:622.2,622.12 1 1
campaign-mgmt/app/presentation/http/campaign_products.go:28.57,34.2 1 1
campaign-mgmt/app/presentation/http/campaign_products.go:35.56,36.66 1 0
campaign-mgmt/app/presentation/http/campaign_products.go:36.66,39.3 2 0
campaign-mgmt/app/presentation/http/campaign_products.go:40.2,40.46 1 0
campaign-mgmt/app/presentation/http/campaign_products.go:57.89,61.16 3 1
campaign-mgmt/app/presentation/http/campaign_products.go:61.16,64.3 2 1
campaign-mgmt/app/presentation/http/campaign_products.go:66.2,67.16 2 0
campaign-mgmt/app/presentation/http/campaign_products.go:67.16,70.3 2 0
campaign-mgmt/app/presentation/http/campaign_products.go:72.2,72.41 1 0
campaign-mgmt/app/presentation/http/campaign_products.go:75.142,79.40 3 0
campaign-mgmt/app/presentation/http/campaign_products.go:79.40,80.111 1 0
campaign-mgmt/app/presentation/http/campaign_products.go:80.111,82.5 1 0
campaign-mgmt/app/presentation/http/campaign_products.go:83.4,83.14 1 0
campaign-mgmt/app/presentation/http/campaign_products.go:85.2,85.22 1 0
campaign-mgmt/app/presentation/http/campaign_products.go:88.122,92.16 4 1
campaign-mgmt/app/presentation/http/campaign_products.go:92.16,94.3 1 0
campaign-mgmt/app/presentation/http/campaign_products.go:95.2,99.16 4 1
campaign-mgmt/app/presentation/http/campaign_products.go:99.16,101.3 1 1
campaign-mgmt/app/presentation/http/campaign_products.go:103.2,103.36 1 0
campaign-mgmt/app/presentation/http/campaign_products.go:106.170,108.41 2 0
campaign-mgmt/app/presentation/http/campaign_products.go:108.41,110.3 1 0
campaign-mgmt/app/presentation/http/campaign_products.go:111.2,111.68 1 0
campaign-mgmt/app/presentation/http/campaign_products.go:127.91,130.28 3 0
campaign-mgmt/app/presentation/http/campaign_products.go:130.28,132.3 1 0
campaign-mgmt/app/presentation/http/campaign_products.go:133.2,134.27 2 0
campaign-mgmt/app/presentation/http/campaign_products.go:134.27,136.3 1 0
campaign-mgmt/app/presentation/http/campaign_products.go:137.2,138.16 2 0
campaign-mgmt/app/presentation/http/campaign_products.go:138.16,140.3 1 0
campaign-mgmt/app/presentation/http/campaign_products.go:141.2,141.90 1 0
campaign-mgmt/app/presentation/http/campaign_products.go:156.94,159.28 3 0
campaign-mgmt/app/presentation/http/campaign_products.go:159.28,161.3 1 0
campaign-mgmt/app/presentation/http/campaign_products.go:162.2,163.16 2 0
campaign-mgmt/app/presentation/http/campaign_products.go:163.16,165.3 1 0
campaign-mgmt/app/presentation/http/campaign_products.go:166.2,166.104 1 0
campaign-mgmt/app/presentation/http/campaign_store.go:30.81,35.2 1 1
campaign-mgmt/app/presentation/http/campaign_store.go:37.54,38.64 1 1
campaign-mgmt/app/presentation/http/campaign_store.go:38.64,42.3 3 1
campaign-mgmt/app/presentation/http/campaign_store.go:58.88,61.16 3 1
campaign-mgmt/app/presentation/http/campaign_store.go:61.16,64.3 2 1
campaign-mgmt/app/presentation/http/campaign_store.go:65.2,66.16 2 1
campaign-mgmt/app/presentation/http/campaign_store.go:66.16,69.3 2 1
campaign-mgmt/app/presentation/http/campaign_store.go:70.2,71.16 2 1
campaign-mgmt/app/presentation/http/campaign_store.go:71.16,74.3 2 1
campaign-mgmt/app/presentation/http/campaign_store.go:76.2,76.13 1 1
campaign-mgmt/app/presentation/http/campaign_store.go:76.13,79.3 2 1
campaign-mgmt/app/presentation/http/campaign_store.go:81.2,82.16 2 1
campaign-mgmt/app/presentation/http/campaign_store.go:82.16,85.3 2 1
campaign-mgmt/app/presentation/http/campaign_store.go:87.2,87.112 1 1
campaign-mgmt/app/presentation/http/campaign_store.go:104.87,107.16 3 1
campaign-mgmt/app/presentation/http/campaign_store.go:107.16,110.3 2 1
campaign-mgmt/app/presentation/http/campaign_store.go:111.2,112.16 2 1
campaign-mgmt/app/presentation/http/campaign_store.go:112.16,115.3 2 1
campaign-mgmt/app/presentation/http/campaign_store.go:116.2,117.16 2 1
campaign-mgmt/app/presentation/http/campaign_store.go:117.16,120.3 2 1
campaign-mgmt/app/presentation/http/campaign_store.go:122.2,123.16 2 1
campaign-mgmt/app/presentation/http/campaign_store.go:123.16,126.3 2 1
campaign-mgmt/app/presentation/http/campaign_store.go:128.2,128.13 1 1
campaign-mgmt/app/presentation/http/campaign_store.go:128.13,131.3 2 1
campaign-mgmt/app/presentation/http/campaign_store.go:133.2,134.16 2 1
campaign-mgmt/app/presentation/http/campaign_store.go:134.16,137.3 2 1
campaign-mgmt/app/presentation/http/campaign_store.go:139.2,139.86 1 1
campaign-mgmt/app/presentation/http/campaign_store.go:157.85,160.16 3 1
campaign-mgmt/app/presentation/http/campaign_store.go:160.16,163.3 2 1
campaign-mgmt/app/presentation/http/campaign_store.go:164.2,165.16 2 1
campaign-mgmt/app/presentation/http/campaign_store.go:165.16,168.3 2 1
campaign-mgmt/app/presentation/http/campaign_store.go:170.2,171.16 2 1
campaign-mgmt/app/presentation/http/campaign_store.go:171.16,174.3 2 1
campaign-mgmt/app/presentation/http/campaign_store.go:176.2,178.16 3 1
campaign-mgmt/app/presentation/http/campaign_store.go:178.16,181.3 2 1
campaign-mgmt/app/presentation/http/campaign_store.go:183.2,183.13 1 1
campaign-mgmt/app/presentation/http/campaign_store.go:183.13,186.3 2 1
campaign-mgmt/app/presentation/http/campaign_store.go:188.2,189.16 2 1
campaign-mgmt/app/presentation/http/campaign_store.go:189.16,192.3 2 1
campaign-mgmt/app/presentation/http/campaign_store.go:194.2,199.41 2 1
campaign-mgmt/app/presentation/http/campaign_store.go:202.162,204.41 2 1
campaign-mgmt/app/presentation/http/campaign_store.go:204.41,206.3 1 1
campaign-mgmt/app/presentation/http/campaign_store.go:207.2,208.16 2 1
campaign-mgmt/app/presentation/http/campaign_store.go:208.16,210.3 1 1
campaign-mgmt/app/presentation/http/campaign_store.go:211.2,211.26 1 1
campaign-mgmt/app/presentation/http/campaign_store.go:214.109,218.16 4 1
campaign-mgmt/app/presentation/http/campaign_store.go:218.16,220.3 1 1
campaign-mgmt/app/presentation/http/campaign_store.go:221.2,225.16 4 1
campaign-mgmt/app/presentation/http/campaign_store.go:225.16,227.3 1 1
campaign-mgmt/app/presentation/http/campaign_store.go:229.2,229.21 1 1
campaign-mgmt/app/infrastructure/mysql/campaign.go:47.55,49.2 1 1
campaign-mgmt/app/infrastructure/mysql/campaign.go:51.44,53.2 1 1
campaign-mgmt/app/infrastructure/mysql/campaign.go:55.43,58.2 2 0
campaign-mgmt/app/infrastructure/mysql/campaign.go:60.107,64.2 3 0
campaign-mgmt/app/infrastructure/mysql/campaign.go:66.130,72.34 5 1
campaign-mgmt/app/infrastructure/mysql/campaign.go:72.34,74.3 1 1
campaign-mgmt/app/infrastructure/mysql/campaign.go:74.8,76.3 1 1
campaign-mgmt/app/infrastructure/mysql/campaign.go:78.2,78.69 1 1
campaign-mgmt/app/infrastructure/mysql/campaign.go:81.53,85.2 3 1
campaign-mgmt/app/infrastructure/mysql/campaign.go:87.75,92.38 5 1
campaign-mgmt/app/infrastructure/mysql/campaign.go:92.38,94.3 1 1
campaign-mgmt/app/infrastructure/mysql/campaign.go:94.8,96.3 1 1
campaign-mgmt/app/infrastructure/mysql/campaign.go:97.2,97.37 1 1
campaign-mgmt/app/infrastructure/mysql/campaign.go:97.37,99.3 1 1
campaign-mgmt/app/infrastructure/mysql/campaign.go:100.2,100.35 1 1
campaign-mgmt/app/infrastructure/mysql/campaign.go:100.35,102.3 1 1
campaign-mgmt/app/infrastructure/mysql/campaign.go:103.2,103.32 1 1
campaign-mgmt/app/infrastructure/mysql/campaign.go:103.32,105.3 1 1
campaign-mgmt/app/infrastructure/mysql/campaign.go:106.2,106.30 1 1
campaign-mgmt/app/infrastructure/mysql/campaign.go:106.30,108.3 1 1
campaign-mgmt/app/infrastructure/mysql/campaign.go:109.2,109.26 1 1
campaign-mgmt/app/infrastructure/mysql/campaign.go:109.26,111.3 1 1
campaign-mgmt/app/infrastructure/mysql/campaign.go:112.2,112.25 1 1
campaign-mgmt/app/infrastructure/mysql/campaign.go:112.25,114.3 1 1
campaign-mgmt/app/infrastructure/mysql/campaign.go:115.2,115.23 1 1
campaign-mgmt/app/infrastructure/mysql/campaign.go:115.23,117.3 1 1
campaign-mgmt/app/infrastructure/mysql/campaign.go:118.2,138.3 1 1
campaign-mgmt/app/infrastructure/mysql/campaign.go:141.83,145.50 4 1
campaign-mgmt/app/infrastructure/mysql/campaign.go:145.50,150.3 1 1
campaign-mgmt/app/infrastructure/mysql/campaign.go:151.2,151.48 1 1
campaign-mgmt/app/infrastructure/mysql/campaign.go:151.48,156.3 1 1
campaign-mgmt/app/infrastructure/mysql/campaign.go:157.2,157.45 1 1
campaign-mgmt/app/infrastructure/mysql/campaign.go:157.45,162.3 1 1
campaign-mgmt/app/infrastructure/mysql/campaign.go:163.2,163.43 1 1
campaign-mgmt/app/infrastructure/mysql/campaign.go:163.43,168.3 1 1
campaign-mgmt/app/infrastructure/mysql/campaign.go:169.2,169.34 1 1
campaign-mgmt/app/infrastructure/mysql/campaign.go:169.34,174.3 1 1
campaign-mgmt/app/infrastructure/mysql/campaign.go:175.2,175.33 1 1
campaign-mgmt/app/infrastructure/mysql/campaign.go:175.33,180.3 1 1
campaign-mgmt/app/infrastructure/mysql/campaign.go:181.2,181.31 1 1
campaign-mgmt/app/infrastructure/mysql/campaign.go:181.31,186.3 1 1
campaign-mgmt/app/infrastructure/mysql/campaign.go:187.2,209.3 1 1
campaign-mgmt/app/infrastructure/mysql/campaign.go:212.85,214.32 2 1
campaign-mgmt/app/infrastructure/mysql/campaign.go:214.32,217.3 2 0
campaign-mgmt/app/infrastructure/mysql/campaign.go:218.2,218.18 1 1
campaign-mgmt/app/infrastructure/mysql/campaign.go:221.110,223.47 2 0
campaign-mgmt/app/infrastructure/mysql/campaign.go:223.47,225.3 1 0
campaign-mgmt/app/infrastructure/mysql/campaign.go:227.2,229.16 3 0
campaign-mgmt/app/infrastructure/mysql/campaign.go:229.16,231.3 1 0
campaign-mgmt/app/infrastructure/mysql/campaign.go:232.2,233.31 2 0
campaign-mgmt/app/infrastructure/mysql/campaign.go:236.111,238.13 2 0
campaign-mgmt/app/infrastructure/mysql/campaign.go:238.13,240.17 2 0
campaign-mgmt/app/infrastructure/mysql/campaign.go:240.17,241.37 1 0
campaign-mgmt/app/infrastructure/mysql/campaign.go:241.37,244.5 2 0
campaign-mgmt/app/infrastructure/mysql/campaign.go:245.4,245.79 1 0
campaign-mgmt/app/infrastructure/mysql/campaign.go:247.3,247.19 1 0
campaign-mgmt/app/infrastructure/mysql/campaign.go:248.8,250.17 2 0
campaign-mgmt/app/infrastructure/mysql/campaign.go:250.17,251.37 1 0
campaign-mgmt/app/infrastructure/mysql/campaign.go:251.37,254.5 2 0
campaign-mgmt/app/infrastructure/mysql/campaign.go:255.4,255.21 1 0
campaign-mgmt/app/infrastructure/mysql/campaign.go:257.3,257.19 1 0
campaign-mgmt/app/infrastructure/mysql/campaign.go:261.89,263.47 2 1
campaign-mgmt/app/infrastructure/mysql/campaign.go:263.47,265.3 1 0
campaign-mgmt/app/infrastructure/mysql/campaign.go:267.2,269.16 3 1
campaign-mgmt/app/infrastructure/mysql/campaign.go:269.16,271.3 1 0
campaign-mgmt/app/infrastructure/mysql/campaign.go:273.2,273.12 1 1
campaign-mgmt/app/infrastructure/mysql/campaign.go:273.12,275.3 1 0
campaign-mgmt/app/infrastructure/mysql/campaign.go:277.2,297.16 3 1
campaign-mgmt/app/infrastructure/mysql/campaign.go:297.16,299.3 1 0
campaign-mgmt/app/infrastructure/mysql/campaign.go:300.2,301.12 2 1
campaign-mgmt/app/infrastructure/mysql/campaign.go:304.67,306.47 2 1
campaign-mgmt/app/infrastructure/mysql/campaign.go:306.47,308.3 1 0
campaign-mgmt/app/infrastructure/mysql/campaign.go:309.2,310.16 2 1
campaign-mgmt/app/infrastructure/mysql/campaign.go:310.16,312.3 1 0
campaign-mgmt/app/infrastructure/mysql/campaign.go:313.2,314.16 2 1
campaign-mgmt/app/infrastructure/mysql/campaign.go:314.16,316.3 1 0
campaign-mgmt/app/infrastructure/mysql/campaign.go:317.2,317.12 1 1
campaign-mgmt/app/infrastructure/mysql/campaign.go:320.42,326.27 6 1
campaign-mgmt/app/infrastructure/mysql/campaign.go:326.27,328.3 1 0
campaign-mgmt/app/infrastructure/mysql/campaign.go:329.2,329.31 1 1
campaign-mgmt/app/infrastructure/mysql/campaign.go:329.31,332.3 2 0
campaign-mgmt/app/infrastructure/mysql/campaign.go:332.8,335.3 2 1
campaign-mgmt/app/infrastructure/mysql/campaign.go:338.45,344.27 6 1
campaign-mgmt/app/infrastructure/mysql/campaign.go:344.27,346.3 1 0
campaign-mgmt/app/infrastructure/mysql/campaign.go:347.2,347.31 1 1
campaign-mgmt/app/infrastructure/mysql/campaign.go:347.31,350.3 2 0
campaign-mgmt/app/infrastructure/mysql/campaign.go:350.8,353.3 2 1
campaign-mgmt/app/infrastructure/mysql/campaign_code.go:24.63,26.2 1 0
campaign-mgmt/app/infrastructure/mysql/campaign_code.go:28.48,30.2 1 0
campaign-mgmt/app/infrastructure/mysql/campaign_code.go:32.100,36.2 3 0
campaign-mgmt/app/infrastructure/mysql/campaign_code.go:38.108,40.16 2 0
campaign-mgmt/app/infrastructure/mysql/campaign_code.go:40.16,42.3 1 0
campaign-mgmt/app/infrastructure/mysql/campaign_product.go:34.69,36.2 1 0
campaign-mgmt/app/infrastructure/mysql/campaign_product.go:38.51,40.2 1 0
campaign-mgmt/app/infrastructure/mysql/campaign_product.go:42.50,45.2 2 0
campaign-mgmt/app/infrastructure/mysql/campaign_product.go:47.143,49.47 2 0
campaign-mgmt/app/infrastructure/mysql/campaign_product.go:49.47,51.3 1 0
campaign-mgmt/app/infrastructure/mysql/campaign_product.go:53.2,54.26 2 0
campaign-mgmt/app/infrastructure/mysql/campaign_product.go:54.26,56.3 1 0
campaign-mgmt/app/infrastructure/mysql/campaign_product.go:57.2,58.16 2 0
campaign-mgmt/app/infrastructure/mysql/campaign_product.go:58.16,60.3 1 0
campaign-mgmt/app/infrastructure/mysql/campaign_product.go:61.2,64.41 3 0
campaign-mgmt/app/infrastructure/mysql/campaign_product.go:64.41,66.3 1 0
campaign-mgmt/app/infrastructure/mysql/campaign_product.go:67.2,67.29 1 0
campaign-mgmt/app/infrastructure/mysql/campaign_product.go:70.103,82.2 1 0
campaign-mgmt/app/infrastructure/mysql/campaign_product.go:84.103,94.2 1 0
campaign-mgmt/app/infrastructure/mysql/campaign_product.go:96.143,100.2 3 0
campaign-mgmt/app/infrastructure/mysql/campaign_product.go:102.106,104.32 2 0
campaign-mgmt/app/infrastructure/mysql/campaign_product.go:104.32,107.3 2 0
campaign-mgmt/app/infrastructure/mysql/campaign_product.go:108.2,108.17 1 0
campaign-mgmt/app/infrastructure/mysql/campaign_product.go:111.110,113.47 2 0
campaign-mgmt/app/infrastructure/mysql/campaign_product.go:113.47,115.3 1 0
campaign-mgmt/app/infrastructure/mysql/campaign_product.go:117.2,120.16 3 0
campaign-mgmt/app/infrastructure/mysql/campaign_product.go:120.16,123.3 2 0
campaign-mgmt/app/infrastructure/mysql/campaign_product.go:124.2,125.12 2 0
campaign-mgmt/app/infrastructure/mysql/campaign_product.go:128.115,130.25 2 0
campaign-mgmt/app/infrastructure/mysql/campaign_product.go:130.25,132.3 1 0
campaign-mgmt/app/infrastructure/mysql/campaign_product.go:133.2,133.25 1 0
campaign-mgmt/app/infrastructure/mysql/campaign_product.go:133.25,134.45 1 0
campaign-mgmt/app/infrastructure/mysql/campaign_product.go:134.45,137.4 2 0
campaign-mgmt/app/infrastructure/mysql/campaign_product.go:138.3,138.22 1 0
campaign-mgmt/app/infrastructure/mysql/campaign_product.go:140.2,140.12 1 0
campaign-mgmt/app/infrastructure/mysql/campaign_product.go:143.101,145.25 2 0
campaign-mgmt/app/infrastructure/mysql/campaign_product.go:145.25,147.3 1 0
campaign-mgmt/app/infrastructure/mysql/campaign_product.go:148.2,148.25 1 0
campaign-mgmt/app/infrastructure/mysql/campaign_product.go:148.25,149.45 1 0
campaign-mgmt/app/infrastructure/mysql/campaign_product.go:149.45,152.4 2 0
campaign-mgmt/app/infrastructure/mysql/campaign_product.go:153.3,153.22 1 0
campaign-mgmt/app/infrastructure/mysql/campaign_product.go:155.2,155.12 1 0
campaign-mgmt/app/infrastructure/mysql/campaign_store.go:30.65,32.2 1 1
campaign-mgmt/app/infrastructure/mysql/campaign_store.go:34.49,36.2 1 1
campaign-mgmt/app/infrastructure/mysql/campaign_store.go:38.48,41.2 2 0
campaign-mgmt/app/infrastructure/mysql/campaign_store.go:43.135,45.47 2 0
campaign-mgmt/app/infrastructure/mysql/campaign_store.go:45.47,47.3 1 0
campaign-mgmt/app/infrastructure/mysql/campaign_store.go:48.2,49.24 2 0
campaign-mgmt/app/infrastructure/mysql/campaign_store.go:49.24,51.3 1 0
campaign-mgmt/app/infrastructure/mysql/campaign_store.go:52.2,53.16 2 0
campaign-mgmt/app/infrastructure/mysql/campaign_store.go:53.16,55.3 1 0
campaign-mgmt/app/infrastructure/mysql/campaign_store.go:56.2,59.32 3 0
campaign-mgmt/app/infrastructure/mysql/campaign_store.go:59.32,61.3 1 0
campaign-mgmt/app/infrastructure/mysql/campaign_store.go:62.2,62.27 1 0
campaign-mgmt/app/infrastructure/mysql/campaign_store.go:65.95,73.2 1 0
campaign-mgmt/app/infrastructure/mysql/campaign_store.go:75.95,81.2 1 1
campaign-mgmt/app/infrastructure/mysql/campaign_store.go:83.139,87.2 3 0
campaign-mgmt/app/infrastructure/mysql/campaign_store.go:89.100,91.32 2 0
campaign-mgmt/app/infrastructure/mysql/campaign_store.go:91.32,94.3 2 0
campaign-mgmt/app/infrastructure/mysql/campaign_store.go:95.2,95.15 1 0
campaign-mgmt/app/infrastructure/mysql/campaign_store.go:98.104,100.47 2 0
campaign-mgmt/app/infrastructure/mysql/campaign_store.go:100.47,102.3 1 0
campaign-mgmt/app/infrastructure/mysql/campaign_store.go:104.2,107.16 3 0
campaign-mgmt/app/infrastructure/mysql/campaign_store.go:107.16,110.3 2 0
campaign-mgmt/app/infrastructure/mysql/campaign_store.go:111.2,112.12 2 0
campaign-mgmt/app/infrastructure/mysql/campaign_store.go:115.128,117.47 2 0
campaign-mgmt/app/infrastructure/mysql/campaign_store.go:117.47,119.3 1 0
campaign-mgmt/app/infrastructure/mysql/campaign_store.go:120.2,122.16 3 0
campaign-mgmt/app/infrastructure/mysql/campaign_store.go:122.16,124.3 1 0
campaign-mgmt/app/infrastructure/mysql/campaign_store.go:126.2,127.27 2 0
campaign-mgmt/app/infrastructure/mysql/campaign_store.go:127.27,129.3 1 0
campaign-mgmt/app/infrastructure/mysql/campaign_store.go:130.2,130.31 1 0
campaign-mgmt/app/infrastructure/mysql/campaign_store.go:130.31,133.3 2 0
campaign-mgmt/app/infrastructure/mysql/campaign_store.go:134.2,135.12 2 0
campaign-mgmt/app/infrastructure/mysql/campaign_store.go:138.162,140.47 2 0
campaign-mgmt/app/infrastructure/mysql/campaign_store.go:140.47,142.3 1 0
campaign-mgmt/app/infrastructure/mysql/campaign_store.go:143.2,146.16 3 0
campaign-mgmt/app/infrastructure/mysql/campaign_store.go:146.16,148.3 1 0
campaign-mgmt/app/infrastructure/mysql/campaign_store.go:150.2,152.27 2 0
campaign-mgmt/app/infrastructure/mysql/campaign_store.go:152.27,154.3 1 0
campaign-mgmt/app/infrastructure/mysql/campaign_store.go:155.2,155.31 1 0
campaign-mgmt/app/infrastructure/mysql/campaign_store.go:155.31,158.3 2 0
campaign-mgmt/app/infrastructure/mysql/campaign_store.go:159.2,160.12 2 0
campaign-mgmt/app/infrastructure/mysql/campaign_store.go:163.149,166.47 3 1
campaign-mgmt/app/infrastructure/mysql/campaign_store.go:166.47,168.3 1 0
campaign-mgmt/app/infrastructure/mysql/campaign_store.go:169.2,170.16 2 1
campaign-mgmt/app/infrastructure/mysql/campaign_store.go:170.16,171.36 1 0
campaign-mgmt/app/infrastructure/mysql/campaign_store.go:171.36,174.4 2 0
campaign-mgmt/app/infrastructure/mysql/campaign_store.go:175.3,175.91 1 0
campaign-mgmt/app/infrastructure/mysql/campaign_store.go:177.2,177.31 1 1
campaign-mgmt/app/infrastructure/mysql/campaign_store.go:180.134,182.47 2 1
campaign-mgmt/app/infrastructure/mysql/campaign_store.go:182.47,184.3 1 0
campaign-mgmt/app/infrastructure/mysql/campaign_store.go:185.2,188.16 3 1
campaign-mgmt/app/infrastructure/mysql/campaign_store.go:188.16,190.3 1 0
campaign-mgmt/app/infrastructure/mysql/campaign_store.go:192.2,193.27 2 1
campaign-mgmt/app/infrastructure/mysql/campaign_store.go:193.27,195.3 1 0
campaign-mgmt/app/infrastructure/mysql/campaign_store.go:196.2,196.31 1 1
campaign-mgmt/app/infrastructure/mysql/campaign_store.go:196.31,199.3 2 1
campaign-mgmt/app/infrastructure/mysql/campaign_store.go:200.2,201.12 2 0
campaign-mgmt/app/infrastructure/mysql/store_daily_time_slot.go:30.75,32.2 1 0
campaign-mgmt/app/infrastructure/mysql/store_daily_time_slot.go:34.54,36.2 1 0
campaign-mgmt/app/infrastructure/mysql/store_daily_time_slot.go:38.53,41.2 2 0
campaign-mgmt/app/infrastructure/mysql/store_specific_time_slot.go:29.81,31.2 1 0
campaign-mgmt/app/infrastructure/mysql/store_specific_time_slot.go:33.57,35.2 1 0
campaign-mgmt/app/infrastructure/mysql/store_specific_time_slot.go:37.56,40.2 2 0
campaign-mgmt/app/infrastructure/mysql/transaction.go:25.63,29.2 1 0
campaign-mgmt/app/infrastructure/mysql/transaction.go:32.83,36.2 3 0
campaign-mgmt/app/infrastructure/mysql/transaction.go:39.65,41.15 2 0
campaign-mgmt/app/infrastructure/mysql/transaction.go:41.15,43.3 1 0
campaign-mgmt/app/infrastructure/mysql/transaction.go:45.2,45.26 1 0
campaign-mgmt/app/infrastructure/mysql/transaction.go:50.76,52.2 1 0
campaign-mgmt/app/infrastructure/mysql/transaction.go:55.67,57.15 2 0
campaign-mgmt/app/infrastructure/mysql/transaction.go:57.15,59.3 1 0
campaign-mgmt/app/infrastructure/mysql/transaction.go:61.2,61.28 1 0
campaign-mgmt/app/infrastructure/mysql/transaction.go:65.113,67.16 2 0
campaign-mgmt/app/infrastructure/mysql/transaction.go:67.16,69.3 1 0
campaign-mgmt/app/infrastructure/mysql/transaction.go:70.2,70.32 1 0
campaign-mgmt/app/infrastructure/mysql/transaction.go:70.32,73.25 3 0
campaign-mgmt/app/infrastructure/mysql/transaction.go:73.25,75.4 1 0
campaign-mgmt/app/infrastructure/mysql/transaction.go:76.3,76.13 1 0
campaign-mgmt/app/infrastructure/mysql/transaction.go:78.2,78.23 1 0
campaign-mgmt/app/infrastructure/mysql/transaction.go:82.77,84.2 1 0
campaign-mgmt/app/infrastructure/mysql/transaction.go:87.50,89.9 2 1
campaign-mgmt/app/infrastructure/mysql/transaction.go:89.9,91.3 1 1
campaign-mgmt/app/infrastructure/mysql/transaction.go:92.2,92.14 1 0
